Determining if the pthread_create exist failed with the following output:
Change Dir: /home/frederik/workspace/vision-apps/3d_detection/point_cloud_processing_template/build/CMakeFiles/CMakeTmp

Run Build Command:"/usr/bin/make" "cmTC_2c37c/fast"
make[1]: Entering directory '/home/frederik/workspace/vision-apps/3d_detection/point_cloud_processing_template/build/CMakeFiles/CMakeTmp'
/usr/bin/make -f CMakeFiles/cmTC_2c37c.dir/build.make CMakeFiles/cmTC_2c37c.dir/build
make[2]: Entering directory '/home/frederik/workspace/vision-apps/3d_detection/point_cloud_processing_template/build/CMakeFiles/CMakeTmp'
Building C object CMakeFiles/cmTC_2c37c.dir/CheckSymbolExists.c.o
/usr/bin/cc     -o CMakeFiles/cmTC_2c37c.dir/CheckSymbolExists.c.o   -c /home/frederik/workspace/vision-apps/3d_detection/point_cloud_processing_template/build/CMakeFiles/CMakeTmp/CheckSymbolExists.c
Linking C executable cmTC_2c37c
/usr/bin/cmake -E cmake_link_script CMakeFiles/cmTC_2c37c.dir/link.txt --verbose=1
/usr/bin/cc       CMakeFiles/cmTC_2c37c.dir/CheckSymbolExists.c.o  -o cmTC_2c37c -rdynamic 
CMakeFiles/cmTC_2c37c.dir/CheckSymbolExists.c.o: In function `main':
CheckSymbolExists.c:(.text+0x16): undefined reference to `pthread_create'
collect2: error: ld returned 1 exit status
CMakeFiles/cmTC_2c37c.dir/build.make:97: recipe for target 'cmTC_2c37c' failed
make[2]: *** [cmTC_2c37c] Error 1
make[2]: Leaving directory '/home/frederik/workspace/vision-apps/3d_detection/point_cloud_processing_template/build/CMakeFiles/CMakeTmp'
Makefile:126: recipe for target 'cmTC_2c37c/fast' failed
make[1]: *** [cmTC_2c37c/fast] Error 2
make[1]: Leaving directory '/home/frederik/workspace/vision-apps/3d_detection/point_cloud_processing_template/build/CMakeFiles/CMakeTmp'

File /home/frederik/workspace/vision-apps/3d_detection/point_cloud_processing_template/build/CMakeFiles/CMakeTmp/CheckSymbolExists.c:
/* */
#include <pthread.h>

int main(int argc, char** argv)
{
  (void)argv;
#ifndef pthread_create
  return ((int*)(&pthread_create))[argc];
#else
  (void)argc;
  return 0;
#endif
}

Determining if the function pthread_create exists in the pthreads failed with the following output:
Change Dir: /home/frederik/workspace/vision-apps/3d_detection/point_cloud_processing_template/build/CMakeFiles/CMakeTmp

Run Build Command:"/usr/bin/make" "cmTC_9dc73/fast"
make[1]: Entering directory '/home/frederik/workspace/vision-apps/3d_detection/point_cloud_processing_template/build/CMakeFiles/CMakeTmp'
/usr/bin/make -f CMakeFiles/cmTC_9dc73.dir/build.make CMakeFiles/cmTC_9dc73.dir/build
make[2]: Entering directory '/home/frederik/workspace/vision-apps/3d_detection/point_cloud_processing_template/build/CMakeFiles/CMakeTmp'
Building C object CMakeFiles/cmTC_9dc73.dir/CheckFunctionExists.c.o
/usr/bin/cc    -DCHECK_FUNCTION_EXISTS=pthread_create   -o CMakeFiles/cmTC_9dc73.dir/CheckFunctionExists.c.o   -c /usr/share/cmake-3.5/Modules/CheckFunctionExists.c
Linking C executable cmTC_9dc73
/usr/bin/cmake -E cmake_link_script CMakeFiles/cmTC_9dc73.dir/link.txt --verbose=1
/usr/bin/cc   -DCHECK_FUNCTION_EXISTS=pthread_create    CMakeFiles/cmTC_9dc73.dir/CheckFunctionExists.c.o  -o cmTC_9dc73 -rdynamic -lpthreads 
/usr/bin/ld: cannot find -lpthreads
collect2: error: ld returned 1 exit status
CMakeFiles/cmTC_9dc73.dir/build.make:97: recipe for target 'cmTC_9dc73' failed
make[2]: *** [cmTC_9dc73] Error 1
make[2]: Leaving directory '/home/frederik/workspace/vision-apps/3d_detection/point_cloud_processing_template/build/CMakeFiles/CMakeTmp'
Makefile:126: recipe for target 'cmTC_9dc73/fast' failed
make[1]: *** [cmTC_9dc73/fast] Error 2
make[1]: Leaving directory '/home/frederik/workspace/vision-apps/3d_detection/point_cloud_processing_template/build/CMakeFiles/CMakeTmp'


